<?xml version="1.0" encoding="UTF-8"?>
<testng-results skipped="0" failed="0" total="1" passed="1">
  <reporter-output>
  </reporter-output>
  <suite name="Default suite" duration-ms="31541" started-at="2019-01-20T11:58:20Z" finished-at="2019-01-20T11:58:51Z">
    <groups>
      <group name="cucumber">
        <method signature="AbstractTestNGCucumberTests.feature(cucumber.api.testng.CucumberFeatureWrapper)[pri:0, instance:runner.RunCuke@d818d1]" name="feature" class="cucumber.api.testng.AbstractTestNGCucumberTests"/>
      </group> <!-- cucumber -->
    </groups>
    <test name="Default test" duration-ms="31541" started-at="2019-01-20T11:58:20Z" finished-at="2019-01-20T11:58:51Z">
      <class name="runner.RunCuke">
        <test-method status="PASS" signature="setUpClass()[pri:0, instance:runner.RunCuke@d818d1]" name="setUpClass" is-config="true" duration-ms="475" started-at="2019-01-20T17:28:20Z" finished-at="2019-01-20T17:28:20Z">
          <reporter-output>
          </reporter-output>
        </test-method> <!-- setUpClass -->
        <test-method status="PASS" signature="setup()[pri:0, instance:runner.RunCuke@d818d1]" name="setup" is-config="true" duration-ms="377" started-at="2019-01-20T17:28:20Z" finished-at="2019-01-20T17:28:21Z">
          <reporter-output>
          </reporter-output>
        </test-method> <!-- setup -->
        <test-method status="PASS" signature="feature(cucumber.api.testng.CucumberFeatureWrapper)[pri:0, instance:runner.RunCuke@d818d1]" name="feature" duration-ms="30433" started-at="2019-01-20T17:28:21Z" description="Runs Cucumber Feature" data-provider="features" finished-at="2019-01-20T17:28:51Z">
          <params>
            <param index="0">
              <value>
                <![CDATA[This modle is to test the Google Module.]]>
              </value>
            </param>
          </params>
          <reporter-output>
          </reporter-output>
        </test-method> <!-- feature -->
        <test-method status="PASS" signature="tearDownClass()[pri:0, instance:runner.RunCuke@d818d1]" name="tearDownClass" is-config="true" duration-ms="77" started-at="2019-01-20T17:28:51Z" finished-at="2019-01-20T17:28:51Z">
          <reporter-output>
          </reporter-output>
        </test-method> <!-- tearDownClass -->
      </class> <!-- runner.RunCuke -->
    </test> <!-- Default test -->
  </suite> <!-- Default suite -->
</testng-results>
